<?xml version="1.0" encoding="UTF-8"?>
<!-- Generated by org.testng.reporters.JUnitReportReporter -->
<testsuite hostname="DESKTOP-QFI1UQL" failures="0" tests="1" name="qa.QKartTest.QKartTestCase1" time="16.987" errors="0" timestamp="2024-07-13T14:38:26 IST" skipped="0">
  <testcase classname="qa.QKartTest.QKartTestCase1" name="newRegistrationAndLOgin" time="16.987"/>
</testsuite> <!-- qa.QKartTest.QKartTestCase1 -->
